  icode   ic inum1 inum2 inum3   subed  recmonps reccnstps  flow(m^3)   sed(t)      orgn(kg)    orgp(kg)    nitrate(kg) sol.p(kg)   sol.pst(mg) sor.pst(mg)
       1        1        1        0        0        0                         0.2324E+10  0.1510E+08  0.3444E+07  0.9180E+06  0.4445E+06  0.1223E+05  0.0000E+00  0.0000E+00
       1        2        2        0        0        0                         0.6940E+09  0.2378E+07  0.5826E+06  0.1562E+06  0.6810E+05  0.3718E+04  0.0000E+00  0.0000E+00
       1        3        3        0        0        0                         0.1580E+08  0.1676E+06  0.4085E+05  0.1102E+05  0.5965E+04  0.9239E+02  0.0000E+00  0.0000E+00
       1        4        4        0        0        0                         0.9320E+09  0.3186E+07  0.9675E+06  0.2484E+06  0.2456E+06  0.5042E+04  0.0000E+00  0.0000E+00
       1        5        5        0        0        0                         0.2155E+09  0.2437E+07  0.6770E+06  0.1731E+06  0.1246E+06  0.1294E+04  0.0000E+00  0.0000E+00
       1        6        6        0        0        0                         0.8295E+09  0.6136E+07  0.1912E+07  0.4865E+06  0.3810E+06  0.4579E+04  0.0000E+00  0.0000E+00
       1        7        7        0        0        0                         0.2186E+08  0.2093E+06  0.6824E+05  0.1765E+05  0.1309E+05  0.1487E+03  0.0000E+00  0.0000E+00
       2        8        1        1        1        0                         0.2317E+10  0.1510E+08  0.3364E+07  0.8805E+06  0.4360E+06  0.2816E+05  0.0000E+00  0.0000E+00
       2        9        2        2        2        0                         0.6935E+09  0.2378E+07  0.5805E+06  0.1553E+06  0.6777E+05  0.4511E+04  0.0000E+00  0.0000E+00
       2       10        4        4        4        0                         0.9310E+09  0.3186E+07  0.9614E+06  0.2457E+06  0.2447E+06  0.7159E+04  0.0000E+00  0.0000E+00
       2       11        6        6        6        0                         0.8278E+09  0.6136E+07  0.1887E+07  0.4752E+06  0.3782E+06  0.9733E+04  0.0000E+00  0.0000E+00
       5       12        3        8        0        0                         0.2333E+10  0.1527E+08  0.3405E+07  0.8915E+06  0.4420E+06  0.2825E+05  0.0000E+00  0.0000E+00
       5       13       12        9        0        0                         0.3027E+10  0.1765E+08  0.3985E+07  0.1047E+07  0.5098E+06  0.3277E+05  0.0000E+00  0.0000E+00
       2       14        3       13        3        0                         0.3026E+10  0.4891E+06  0.3976E+07  0.1043E+07  0.5094E+06  0.3614E+05  0.0000E+00  0.0000E+00
       5       15        5       14        0        0                         0.3242E+10  0.2927E+07  0.4653E+07  0.1216E+07  0.6340E+06  0.3744E+05  0.0000E+00  0.0000E+00
       5       16       15       10        0        0                         0.4173E+10  0.6112E+07  0.5614E+07  0.1462E+07  0.8787E+06  0.4459E+05  0.0000E+00  0.0000E+00
       2       17        5       16        5        0                         0.4171E+10  0.8341E+06  0.5584E+07  0.1449E+07  0.8768E+06  0.5589E+05  0.0000E+00  0.0000E+00
       5       18        7       17        0        0                         0.4193E+10  0.1043E+07  0.5652E+07  0.1466E+07  0.8899E+06  0.5604E+05  0.0000E+00  0.0000E+00
       5       19       18       11        0        0                         0.5021E+10  0.7179E+07  0.7539E+07  0.1941E+07  0.1268E+07  0.6577E+05  0.0000E+00  0.0000E+00
       2       20        7       19        7        0                         0.5021E+10  0.1571E+07  0.7534E+07  0.1939E+07  0.1268E+07  0.6776E+05  0.0000E+00  0.0000E+00
      14       20        1        0        0        0                         0.5021E+10  0.1571E+07  0.7534E+07  0.1939E+07  0.1268E+07  0.6776E+05  0.0000E+00  0.0000E+00
